<?xml version="1.0" encoding="UTF-8"?>
<!-- Generated by org.testng.reporters.JUnitXMLReporter -->
<testsuite ignored="0" hostname="DESKTOP-HGMMMJR" failures="0" tests="10" name="Test" time="0.097" errors="0" timestamp="2021-12-05T00:09:39 IST">
  <testcase classname="com.java.training.GroupingExample" name="myTestA" time="0.013"/>
  <testcase classname="com.java.training.GroupingExample" name="myTestB" time="0.002"/>
  <testcase classname="com.java.training.GroupingExample" name="myTestC" time="0.002"/>
  <testcase classname="com.java.training.GroupingExample" name="myTestD" time="0.001"/>
  <testcase classname="com.java.training.GroupingExample" name="myTestE" time="0.001"/>
  <testcase classname="com.java.training.GroupingExample" name="myTestF" time="0.002"/>
  <testcase classname="com.java.training.TestNg_First" name="MyFourPgm" time="0.003"/>
  <testcase classname="com.java.training.TestNg_First" name="MyTwoPgm" time="0.002"/>
  <testcase classname="com.java.training.TestNg_First" name="MyThreePgm" time="0.001"/>
  <testcase classname="com.java.training.TestNg_First" name="MyFirstPgm" time="0.001"/>
</testsuite> <!-- Test -->
